2024-03-06 00:53:55,509:WARNING:
'cuml' is a soft dependency and not included in the pycaret installation. Please run: `pip install cuml` to install.
2024-03-06 00:53:55,510:WARNING:
'cuml' is a soft dependency and not included in the pycaret installation. Please run: `pip install cuml` to install.
2024-03-06 00:53:55,510:WARNING:
'cuml' is a soft dependency and not included in the pycaret installation. Please run: `pip install cuml` to install.
2024-03-06 00:53:55,510:WARNING:
'cuml' is a soft dependency and not included in the pycaret installation. Please run: `pip install cuml` to install.
2024-03-06 00:53:56,412:INFO:PyCaret ClassificationExperiment
2024-03-06 00:53:56,412:INFO:Logging name: clf-default-name
2024-03-06 00:53:56,412:INFO:ML Usecase: MLUsecase.CLASSIFICATION
2024-03-06 00:53:56,412:INFO:version 3.2.0
2024-03-06 00:53:56,412:INFO:Initializing setup()
2024-03-06 00:53:56,412:INFO:self.USI: f324
2024-03-06 00:53:56,412:INFO:self._variable_keys: {'USI', '_ml_usecase', 'y', 'fold_generator', '_available_plots', 'pipeline', 'gpu_param', 'data', 'y_train', 'exp_name_log', 'logging_param', 'gpu_n_jobs_param', 'log_plots_param', 'is_multiclass', 'fold_shuffle_param', 'X', 'X_train', 'fix_imbalance', 'y_test', 'target_param', 'memory', 'fold_groups_param', 'seed', 'html_param', 'n_jobs_param', 'X_test', 'exp_id', 'idx'}
2024-03-06 00:53:56,412:INFO:Checking environment
2024-03-06 00:53:56,412:INFO:python_version: 3.11.4
2024-03-06 00:53:56,412:INFO:python_build: ('tags/v3.11.4:d2340ef', 'Jun  7 2023 05:45:37')
2024-03-06 00:53:56,412:INFO:machine: AMD64
2024-03-06 00:53:56,412:INFO:platform: Windows-10-10.0.22621-SP0
2024-03-06 00:53:56,417:INFO:Memory: svmem(total=16781979648, available=3579363328, percent=78.7, used=13202616320, free=3579363328)
2024-03-06 00:53:56,417:INFO:Physical Core: 14
2024-03-06 00:53:56,417:INFO:Logical Core: 20
2024-03-06 00:53:56,417:INFO:Checking libraries
2024-03-06 00:53:56,417:INFO:System:
2024-03-06 00:53:56,417:INFO:    python: 3.11.4 (tags/v3.11.4:d2340ef, Jun  7 2023, 05:45:37) [MSC v.1934 64 bit (AMD64)]
2024-03-06 00:53:56,417:INFO:executable: c:\Python311\python.exe
2024-03-06 00:53:56,417:INFO:   machine: Windows-10-10.0.22621-SP0
2024-03-06 00:53:56,417:INFO:PyCaret required dependencies:
2024-03-06 00:53:56,460:INFO:                 pip: 24.0
2024-03-06 00:53:56,460:INFO:          setuptools: 65.5.0
2024-03-06 00:53:56,460:INFO:             pycaret: 3.2.0
2024-03-06 00:53:56,460:INFO:             IPython: 8.21.0
2024-03-06 00:53:56,460:INFO:          ipywidgets: 8.1.2
2024-03-06 00:53:56,460:INFO:                tqdm: 4.66.2
2024-03-06 00:53:56,460:INFO:               numpy: 1.25.2
2024-03-06 00:53:56,460:INFO:              pandas: 1.5.3
2024-03-06 00:53:56,460:INFO:              jinja2: 3.1.2
2024-03-06 00:53:56,460:INFO:               scipy: 1.10.1
2024-03-06 00:53:56,460:INFO:              joblib: 1.3.2
2024-03-06 00:53:56,460:INFO:             sklearn: 1.2.2
2024-03-06 00:53:56,460:INFO:                pyod: 1.1.3
2024-03-06 00:53:56,460:INFO:            imblearn: 0.12.0
2024-03-06 00:53:56,460:INFO:   category_encoders: 2.6.3
2024-03-06 00:53:56,460:INFO:            lightgbm: 4.3.0
2024-03-06 00:53:56,460:INFO:               numba: 0.59.0
2024-03-06 00:53:56,460:INFO:            requests: 2.31.0
2024-03-06 00:53:56,460:INFO:          matplotlib: 3.6.0
2024-03-06 00:53:56,460:INFO:          scikitplot: 0.3.7
2024-03-06 00:53:56,460:INFO:         yellowbrick: 1.5
2024-03-06 00:53:56,460:INFO:              plotly: 5.18.0
2024-03-06 00:53:56,460:INFO:    plotly-resampler: Not installed
2024-03-06 00:53:56,460:INFO:             kaleido: 0.2.1
2024-03-06 00:53:56,460:INFO:           schemdraw: 0.15
2024-03-06 00:53:56,460:INFO:         statsmodels: 0.14.1
2024-03-06 00:53:56,460:INFO:              sktime: 0.21.1
2024-03-06 00:53:56,460:INFO:               tbats: 1.1.3
2024-03-06 00:53:56,460:INFO:            pmdarima: 2.0.4
2024-03-06 00:53:56,460:INFO:              psutil: 5.9.8
2024-03-06 00:53:56,460:INFO:          markupsafe: 2.1.3
2024-03-06 00:53:56,461:INFO:             pickle5: Not installed
2024-03-06 00:53:56,461:INFO:         cloudpickle: 3.0.0
2024-03-06 00:53:56,461:INFO:         deprecation: 2.1.0
2024-03-06 00:53:56,461:INFO:              xxhash: 3.4.1
2024-03-06 00:53:56,461:INFO:           wurlitzer: Not installed
2024-03-06 00:53:56,461:INFO:PyCaret optional dependencies:
2024-03-06 00:53:56,469:INFO:                shap: Not installed
2024-03-06 00:53:56,469:INFO:           interpret: Not installed
2024-03-06 00:53:56,469:INFO:                umap: Not installed
2024-03-06 00:53:56,469:INFO:     ydata_profiling: Not installed
2024-03-06 00:53:56,469:INFO:  explainerdashboard: Not installed
2024-03-06 00:53:56,469:INFO:             autoviz: Not installed
2024-03-06 00:53:56,469:INFO:           fairlearn: Not installed
2024-03-06 00:53:56,469:INFO:          deepchecks: Not installed
2024-03-06 00:53:56,469:INFO:             xgboost: Not installed
2024-03-06 00:53:56,469:INFO:            catboost: Not installed
2024-03-06 00:53:56,469:INFO:              kmodes: Not installed
2024-03-06 00:53:56,469:INFO:             mlxtend: Not installed
2024-03-06 00:53:56,469:INFO:       statsforecast: Not installed
2024-03-06 00:53:56,469:INFO:        tune_sklearn: Not installed
2024-03-06 00:53:56,469:INFO:                 ray: Not installed
2024-03-06 00:53:56,469:INFO:            hyperopt: Not installed
2024-03-06 00:53:56,469:INFO:              optuna: Not installed
2024-03-06 00:53:56,469:INFO:               skopt: Not installed
2024-03-06 00:53:56,469:INFO:              mlflow: Not installed
2024-03-06 00:53:56,469:INFO:              gradio: Not installed
2024-03-06 00:53:56,469:INFO:             fastapi: Not installed
2024-03-06 00:53:56,469:INFO:             uvicorn: Not installed
2024-03-06 00:53:56,469:INFO:              m2cgen: Not installed
2024-03-06 00:53:56,469:INFO:           evidently: Not installed
2024-03-06 00:53:56,469:INFO:               fugue: Not installed
2024-03-06 00:53:56,469:INFO:           streamlit: Not installed
2024-03-06 00:53:56,469:INFO:             prophet: Not installed
2024-03-06 00:53:56,469:INFO:None
2024-03-06 00:53:56,469:INFO:Set up data.
2024-03-06 00:53:56,477:INFO:Set up folding strategy.
2024-03-06 00:53:56,477:INFO:Set up train/test split.
2024-03-06 00:53:56,486:INFO:Set up index.
2024-03-06 00:53:56,486:INFO:Assigning column types.
2024-03-06 00:53:56,488:INFO:Engine successfully changes for model 'lr' to 'sklearn'.
2024-03-06 00:53:56,512:INFO:Engine for model 'knn' has not been set explicitly, hence returning None.
2024-03-06 00:53:56,513:INFO:Engine for model 'rbfsvm' has not been set explicitly, hence returning None.
2024-03-06 00:53:56,532:WARNING:
'xgboost' is a soft dependency and not included in the pycaret installation. Please run: `pip install xgboost` to install.
Alternately, you can install this by running `pip install pycaret[models]`
2024-03-06 00:53:56,532:WARNING:
'catboost' is a soft dependency and not included in the pycaret installation. Please run: `pip install catboost` to install.
Alternately, you can install this by running `pip install pycaret[models]`
2024-03-06 00:53:56,554:INFO:Engine for model 'knn' has not been set explicitly, hence returning None.
2024-03-06 00:53:56,555:INFO:Engine for model 'rbfsvm' has not been set explicitly, hence returning None.
2024-03-06 00:53:56,568:WARNING:
'xgboost' is a soft dependency and not included in the pycaret installation. Please run: `pip install xgboost` to install.
Alternately, you can install this by running `pip install pycaret[models]`
2024-03-06 00:53:56,568:WARNING:
'catboost' is a soft dependency and not included in the pycaret installation. Please run: `pip install catboost` to install.
Alternately, you can install this by running `pip install pycaret[models]`
2024-03-06 00:53:56,568:INFO:Engine successfully changes for model 'knn' to 'sklearn'.
2024-03-06 00:53:56,591:INFO:Engine for model 'rbfsvm' has not been set explicitly, hence returning None.
2024-03-06 00:53:56,604:WARNING:
'xgboost' is a soft dependency and not included in the pycaret installation. Please run: `pip install xgboost` to install.
Alternately, you can install this by running `pip install pycaret[models]`
2024-03-06 00:53:56,604:WARNING:
'catboost' is a soft dependency and not included in the pycaret installation. Please run: `pip install catboost` to install.
Alternately, you can install this by running `pip install pycaret[models]`
2024-03-06 00:53:56,626:INFO:Engine for model 'rbfsvm' has not been set explicitly, hence returning None.
2024-03-06 00:53:56,641:WARNING:
'xgboost' is a soft dependency and not included in the pycaret installation. Please run: `pip install xgboost` to install.
Alternately, you can install this by running `pip install pycaret[models]`
2024-03-06 00:53:56,641:WARNING:
'catboost' is a soft dependency and not included in the pycaret installation. Please run: `pip install catboost` to install.
Alternately, you can install this by running `pip install pycaret[models]`
2024-03-06 00:53:56,641:INFO:Engine successfully changes for model 'rbfsvm' to 'sklearn'.
2024-03-06 00:53:56,676:WARNING:
'xgboost' is a soft dependency and not included in the pycaret installation. Please run: `pip install xgboost` to install.
Alternately, you can install this by running `pip install pycaret[models]`
2024-03-06 00:53:56,676:WARNING:
'catboost' is a soft dependency and not included in the pycaret installation. Please run: `pip install catboost` to install.
Alternately, you can install this by running `pip install pycaret[models]`
2024-03-06 00:53:56,714:WARNING:
'xgboost' is a soft dependency and not included in the pycaret installation. Please run: `pip install xgboost` to install.
Alternately, you can install this by running `pip install pycaret[models]`
2024-03-06 00:53:56,714:WARNING:
'catboost' is a soft dependency and not included in the pycaret installation. Please run: `pip install catboost` to install.
Alternately, you can install this by running `pip install pycaret[models]`
2024-03-06 00:53:56,715:INFO:Preparing preprocessing pipeline...
2024-03-06 00:53:56,718:INFO:Set up label encoding.
2024-03-06 00:53:56,718:INFO:Set up simple imputation.
2024-03-06 00:53:56,719:INFO:Set up encoding of categorical features.
2024-03-06 00:53:56,720:INFO:Set up column name cleaning.
2024-03-06 00:53:56,793:INFO:Finished creating preprocessing pipeline.
2024-03-06 00:53:56,799:INFO:Pipeline: Pipeline(memory=FastMemory(location=C:\Users\ASUS\AppData\Local\Temp\joblib),
         steps=[('label_encoding',
                 TransformerWrapperWithInverse(exclude=None, include=None,
                                               transformer=LabelEncoder())),
                ('numerical_imputer',
                 TransformerWrapper(exclude=None,
                                    include=['Unnamed: 0.1', 'Unnamed: 0', 'O3',
                                             'WS', 'TEMP', 'RH', 'WD'],
                                    transformer=SimpleImputer(add_indicator=False,
                                                              c...
                 TransformerWrapper(exclude=None, include=['DATETIMEDATA'],
                                    transformer=TargetEncoder(cols=['DATETIMEDATA'],
                                                              drop_invariant=False,
                                                              handle_missing='return_nan',
                                                              handle_unknown='value',
                                                              hierarchy=None,
                                                              min_samples_leaf=20,
                                                              return_df=True,
                                                              smoothing=10,
                                                              verbose=0))),
                ('clean_column_names',
                 TransformerWrapper(exclude=None, include=None,
                                    transformer=CleanColumnNames(match='[\\]\\[\\,\\{\\}\\"\\:]+')))],
         verbose=False)
2024-03-06 00:53:56,799:INFO:Creating final display dataframe.
2024-03-06 00:53:56,939:INFO:Setup _display_container:                     Description  \
0                    Session id   
1                        Target   
2                   Target type   
3                Target mapping   
4           Original data shape   
5        Transformed data shape   
6   Transformed train set shape   
7    Transformed test set shape   
8              Numeric features   
9          Categorical features   
10                   Preprocess   
11              Imputation type   
12           Numeric imputation   
13       Categorical imputation   
14     Maximum one-hot encoding   
15              Encoding method   
16               Fold Generator   
17                  Fold Number   
18                     CPU Jobs   
19                      Use GPU   
20               Log Experiment   
21              Experiment Name   
22                          USI   

                                                Value  
0                                                 123  
1                                                PM25  
2                                          Multiclass  
3   5.3: 0, 5.6: 1, 6.4: 2, 6.8: 3, 6.9: 4, 7.1: 5...  
4                                          (5568, 10)  
5                                          (5568, 10)  
6                                          (3897, 10)  
7                                          (1671, 10)  
8                                                   7  
9                                                   2  
10                                               True  
11                                             simple  
12                                               mean  
13                                               mode  
14                                                 25  
15                                               None  
16                                    StratifiedKFold  
17                                                 10  
18                                                 -1  
19                                              False  
20                                              False  
21                                   clf-default-name  
22                                               f324  
2024-03-06 00:53:56,990:WARNING:
'xgboost' is a soft dependency and not included in the pycaret installation. Please run: `pip install xgboost` to install.
Alternately, you can install this by running `pip install pycaret[models]`
2024-03-06 00:53:56,990:WARNING:
'catboost' is a soft dependency and not included in the pycaret installation. Please run: `pip install catboost` to install.
Alternately, you can install this by running `pip install pycaret[models]`
2024-03-06 00:53:57,026:WARNING:
'xgboost' is a soft dependency and not included in the pycaret installation. Please run: `pip install xgboost` to install.
Alternately, you can install this by running `pip install pycaret[models]`
2024-03-06 00:53:57,026:WARNING:
'catboost' is a soft dependency and not included in the pycaret installation. Please run: `pip install catboost` to install.
Alternately, you can install this by running `pip install pycaret[models]`
2024-03-06 00:53:57,026:INFO:setup() successfully completed in 0.62s...............
2024-03-06 00:56:14,477:INFO:PyCaret ClassificationExperiment
2024-03-06 00:56:14,477:INFO:Logging name: clf-default-name
2024-03-06 00:56:14,477:INFO:ML Usecase: MLUsecase.CLASSIFICATION
2024-03-06 00:56:14,477:INFO:version 3.2.0
2024-03-06 00:56:14,477:INFO:Initializing setup()
2024-03-06 00:56:14,477:INFO:self.USI: ab85
2024-03-06 00:56:14,477:INFO:self._variable_keys: {'USI', '_ml_usecase', 'y', 'fold_generator', '_available_plots', 'pipeline', 'gpu_param', 'data', 'y_train', 'exp_name_log', 'logging_param', 'gpu_n_jobs_param', 'log_plots_param', 'is_multiclass', 'fold_shuffle_param', 'X', 'X_train', 'fix_imbalance', 'y_test', 'target_param', 'memory', 'fold_groups_param', 'seed', 'html_param', 'n_jobs_param', 'X_test', 'exp_id', 'idx'}
2024-03-06 00:56:14,477:INFO:Checking environment
2024-03-06 00:56:14,477:INFO:python_version: 3.11.4
2024-03-06 00:56:14,477:INFO:python_build: ('tags/v3.11.4:d2340ef', 'Jun  7 2023 05:45:37')
2024-03-06 00:56:14,477:INFO:machine: AMD64
2024-03-06 00:56:14,477:INFO:platform: Windows-10-10.0.22621-SP0
2024-03-06 00:56:14,482:INFO:Memory: svmem(total=16781979648, available=3563790336, percent=78.8, used=13218189312, free=3563790336)
2024-03-06 00:56:14,482:INFO:Physical Core: 14
2024-03-06 00:56:14,482:INFO:Logical Core: 20
2024-03-06 00:56:14,482:INFO:Checking libraries
2024-03-06 00:56:14,482:INFO:System:
2024-03-06 00:56:14,482:INFO:    python: 3.11.4 (tags/v3.11.4:d2340ef, Jun  7 2023, 05:45:37) [MSC v.1934 64 bit (AMD64)]
2024-03-06 00:56:14,482:INFO:executable: c:\Python311\python.exe
2024-03-06 00:56:14,482:INFO:   machine: Windows-10-10.0.22621-SP0
2024-03-06 00:56:14,482:INFO:PyCaret required dependencies:
2024-03-06 00:56:14,483:INFO:                 pip: 24.0
2024-03-06 00:56:14,483:INFO:          setuptools: 65.5.0
2024-03-06 00:56:14,483:INFO:             pycaret: 3.2.0
2024-03-06 00:56:14,483:INFO:             IPython: 8.21.0
2024-03-06 00:56:14,483:INFO:          ipywidgets: 8.1.2
2024-03-06 00:56:14,483:INFO:                tqdm: 4.66.2
2024-03-06 00:56:14,483:INFO:               numpy: 1.25.2
2024-03-06 00:56:14,483:INFO:              pandas: 1.5.3
2024-03-06 00:56:14,483:INFO:              jinja2: 3.1.2
2024-03-06 00:56:14,483:INFO:               scipy: 1.10.1
2024-03-06 00:56:14,483:INFO:              joblib: 1.3.2
2024-03-06 00:56:14,483:INFO:             sklearn: 1.2.2
2024-03-06 00:56:14,483:INFO:                pyod: 1.1.3
2024-03-06 00:56:14,483:INFO:            imblearn: 0.12.0
2024-03-06 00:56:14,483:INFO:   category_encoders: 2.6.3
2024-03-06 00:56:14,483:INFO:            lightgbm: 4.3.0
2024-03-06 00:56:14,483:INFO:               numba: 0.59.0
2024-03-06 00:56:14,483:INFO:            requests: 2.31.0
2024-03-06 00:56:14,483:INFO:          matplotlib: 3.6.0
2024-03-06 00:56:14,483:INFO:          scikitplot: 0.3.7
2024-03-06 00:56:14,483:INFO:         yellowbrick: 1.5
2024-03-06 00:56:14,484:INFO:              plotly: 5.18.0
2024-03-06 00:56:14,484:INFO:    plotly-resampler: Not installed
2024-03-06 00:56:14,484:INFO:             kaleido: 0.2.1
2024-03-06 00:56:14,484:INFO:           schemdraw: 0.15
2024-03-06 00:56:14,484:INFO:         statsmodels: 0.14.1
2024-03-06 00:56:14,484:INFO:              sktime: 0.21.1
2024-03-06 00:56:14,484:INFO:               tbats: 1.1.3
2024-03-06 00:56:14,484:INFO:            pmdarima: 2.0.4
2024-03-06 00:56:14,484:INFO:              psutil: 5.9.8
2024-03-06 00:56:14,484:INFO:          markupsafe: 2.1.3
2024-03-06 00:56:14,484:INFO:             pickle5: Not installed
2024-03-06 00:56:14,484:INFO:         cloudpickle: 3.0.0
2024-03-06 00:56:14,484:INFO:         deprecation: 2.1.0
2024-03-06 00:56:14,484:INFO:              xxhash: 3.4.1
2024-03-06 00:56:14,484:INFO:           wurlitzer: Not installed
2024-03-06 00:56:14,484:INFO:PyCaret optional dependencies:
2024-03-06 00:56:14,484:INFO:                shap: Not installed
2024-03-06 00:56:14,484:INFO:           interpret: Not installed
2024-03-06 00:56:14,484:INFO:                umap: Not installed
2024-03-06 00:56:14,484:INFO:     ydata_profiling: Not installed
2024-03-06 00:56:14,484:INFO:  explainerdashboard: Not installed
2024-03-06 00:56:14,484:INFO:             autoviz: Not installed
2024-03-06 00:56:14,484:INFO:           fairlearn: Not installed
2024-03-06 00:56:14,484:INFO:          deepchecks: Not installed
2024-03-06 00:56:14,484:INFO:             xgboost: Not installed
2024-03-06 00:56:14,484:INFO:            catboost: Not installed
2024-03-06 00:56:14,484:INFO:              kmodes: Not installed
2024-03-06 00:56:14,484:INFO:             mlxtend: Not installed
2024-03-06 00:56:14,484:INFO:       statsforecast: Not installed
2024-03-06 00:56:14,484:INFO:        tune_sklearn: Not installed
2024-03-06 00:56:14,484:INFO:                 ray: Not installed
2024-03-06 00:56:14,484:INFO:            hyperopt: Not installed
2024-03-06 00:56:14,484:INFO:              optuna: Not installed
2024-03-06 00:56:14,484:INFO:               skopt: Not installed
2024-03-06 00:56:14,484:INFO:              mlflow: Not installed
2024-03-06 00:56:14,484:INFO:              gradio: Not installed
2024-03-06 00:56:14,484:INFO:             fastapi: Not installed
2024-03-06 00:56:14,484:INFO:             uvicorn: Not installed
2024-03-06 00:56:14,484:INFO:              m2cgen: Not installed
2024-03-06 00:56:14,484:INFO:           evidently: Not installed
2024-03-06 00:56:14,484:INFO:               fugue: Not installed
2024-03-06 00:56:14,484:INFO:           streamlit: Not installed
2024-03-06 00:56:14,484:INFO:             prophet: Not installed
2024-03-06 00:56:14,484:INFO:None
2024-03-06 00:56:14,484:INFO:Set up data.
2024-03-06 00:56:14,490:INFO:Set up folding strategy.
2024-03-06 00:56:14,490:INFO:Set up train/test split.
2024-03-06 00:56:14,495:INFO:Set up index.
2024-03-06 00:56:14,496:INFO:Assigning column types.
2024-03-06 00:56:14,498:INFO:Engine successfully changes for model 'lr' to 'sklearn'.
2024-03-06 00:56:14,521:INFO:Engine for model 'knn' has not been set explicitly, hence returning None.
2024-03-06 00:56:14,522:INFO:Engine for model 'rbfsvm' has not been set explicitly, hence returning None.
2024-03-06 00:56:14,537:WARNING:
'xgboost' is a soft dependency and not included in the pycaret installation. Please run: `pip install xgboost` to install.
Alternately, you can install this by running `pip install pycaret[models]`
2024-03-06 00:56:14,537:WARNING:
'catboost' is a soft dependency and not included in the pycaret installation. Please run: `pip install catboost` to install.
Alternately, you can install this by running `pip install pycaret[models]`
2024-03-06 00:56:14,560:INFO:Engine for model 'knn' has not been set explicitly, hence returning None.
2024-03-06 00:56:14,560:INFO:Engine for model 'rbfsvm' has not been set explicitly, hence returning None.
2024-03-06 00:56:14,574:WARNING:
'xgboost' is a soft dependency and not included in the pycaret installation. Please run: `pip install xgboost` to install.
Alternately, you can install this by running `pip install pycaret[models]`
2024-03-06 00:56:14,574:WARNING:
'catboost' is a soft dependency and not included in the pycaret installation. Please run: `pip install catboost` to install.
Alternately, you can install this by running `pip install pycaret[models]`
2024-03-06 00:56:14,574:INFO:Engine successfully changes for model 'knn' to 'sklearn'.
2024-03-06 00:56:14,597:INFO:Engine for model 'rbfsvm' has not been set explicitly, hence returning None.
2024-03-06 00:56:14,611:WARNING:
'xgboost' is a soft dependency and not included in the pycaret installation. Please run: `pip install xgboost` to install.
Alternately, you can install this by running `pip install pycaret[models]`
2024-03-06 00:56:14,611:WARNING:
'catboost' is a soft dependency and not included in the pycaret installation. Please run: `pip install catboost` to install.
Alternately, you can install this by running `pip install pycaret[models]`
2024-03-06 00:56:14,634:INFO:Engine for model 'rbfsvm' has not been set explicitly, hence returning None.
2024-03-06 00:56:14,648:WARNING:
'xgboost' is a soft dependency and not included in the pycaret installation. Please run: `pip install xgboost` to install.
Alternately, you can install this by running `pip install pycaret[models]`
2024-03-06 00:56:14,648:WARNING:
'catboost' is a soft dependency and not included in the pycaret installation. Please run: `pip install catboost` to install.
Alternately, you can install this by running `pip install pycaret[models]`
2024-03-06 00:56:14,648:INFO:Engine successfully changes for model 'rbfsvm' to 'sklearn'.
2024-03-06 00:56:14,687:WARNING:
'xgboost' is a soft dependency and not included in the pycaret installation. Please run: `pip install xgboost` to install.
Alternately, you can install this by running `pip install pycaret[models]`
2024-03-06 00:56:14,687:WARNING:
'catboost' is a soft dependency and not included in the pycaret installation. Please run: `pip install catboost` to install.
Alternately, you can install this by running `pip install pycaret[models]`
2024-03-06 00:56:14,726:WARNING:
'xgboost' is a soft dependency and not included in the pycaret installation. Please run: `pip install xgboost` to install.
Alternately, you can install this by running `pip install pycaret[models]`
2024-03-06 00:56:14,727:WARNING:
'catboost' is a soft dependency and not included in the pycaret installation. Please run: `pip install catboost` to install.
Alternately, you can install this by running `pip install pycaret[models]`
2024-03-06 00:56:14,727:INFO:Preparing preprocessing pipeline...
2024-03-06 00:56:14,728:INFO:Set up label encoding.
2024-03-06 00:56:14,728:INFO:Set up simple imputation.
2024-03-06 00:56:14,729:INFO:Set up encoding of categorical features.
2024-03-06 00:56:14,730:INFO:Set up column name cleaning.
2024-03-06 00:56:14,788:INFO:Finished creating preprocessing pipeline.
2024-03-06 00:56:14,792:INFO:Pipeline: Pipeline(memory=FastMemory(location=C:\Users\ASUS\AppData\Local\Temp\joblib),
         steps=[('label_encoding',
                 TransformerWrapperWithInverse(exclude=None, include=None,
                                               transformer=LabelEncoder())),
                ('numerical_imputer',
                 TransformerWrapper(exclude=None,
                                    include=['Unnamed: 0.1', 'Unnamed: 0', 'O3',
                                             'WS', 'TEMP', 'RH', 'WD'],
                                    transformer=SimpleImputer(add_indicator=False,
                                                              c...
                 TransformerWrapper(exclude=None, include=['DATETIMEDATA'],
                                    transformer=TargetEncoder(cols=['DATETIMEDATA'],
                                                              drop_invariant=False,
                                                              handle_missing='return_nan',
                                                              handle_unknown='value',
                                                              hierarchy=None,
                                                              min_samples_leaf=20,
                                                              return_df=True,
                                                              smoothing=10,
                                                              verbose=0))),
                ('clean_column_names',
                 TransformerWrapper(exclude=None, include=None,
                                    transformer=CleanColumnNames(match='[\\]\\[\\,\\{\\}\\"\\:]+')))],
         verbose=False)
2024-03-06 00:56:14,792:INFO:Creating final display dataframe.
2024-03-06 00:56:14,933:INFO:Setup _display_container:                     Description  \
0                    Session id   
1                        Target   
2                   Target type   
3                Target mapping   
4           Original data shape   
5        Transformed data shape   
6   Transformed train set shape   
7    Transformed test set shape   
8              Numeric features   
9          Categorical features   
10                   Preprocess   
11              Imputation type   
12           Numeric imputation   
13       Categorical imputation   
14     Maximum one-hot encoding   
15              Encoding method   
16               Fold Generator   
17                  Fold Number   
18                     CPU Jobs   
19                      Use GPU   
20               Log Experiment   
21              Experiment Name   
22                          USI   

                                                Value  
0                                                 123  
1                                                PM25  
2                                          Multiclass  
3   5.3: 0, 5.6: 1, 6.4: 2, 6.8: 3, 6.9: 4, 7.1: 5...  
4                                          (5568, 10)  
5                                          (5568, 10)  
6                                          (3897, 10)  
7                                          (1671, 10)  
8                                                   7  
9                                                   2  
10                                               True  
11                                             simple  
12                                               mean  
13                                               mode  
14                                                 25  
15                                               None  
16                                    StratifiedKFold  
17                                                 10  
18                                                 -1  
19                                              False  
20                                              False  
21                                   clf-default-name  
22                                               ab85  
2024-03-06 00:56:14,978:WARNING:
'xgboost' is a soft dependency and not included in the pycaret installation. Please run: `pip install xgboost` to install.
Alternately, you can install this by running `pip install pycaret[models]`
2024-03-06 00:56:14,978:WARNING:
'catboost' is a soft dependency and not included in the pycaret installation. Please run: `pip install catboost` to install.
Alternately, you can install this by running `pip install pycaret[models]`
2024-03-06 00:56:15,017:WARNING:
'xgboost' is a soft dependency and not included in the pycaret installation. Please run: `pip install xgboost` to install.
Alternately, you can install this by running `pip install pycaret[models]`
2024-03-06 00:56:15,017:WARNING:
'catboost' is a soft dependency and not included in the pycaret installation. Please run: `pip install catboost` to install.
Alternately, you can install this by running `pip install pycaret[models]`
2024-03-06 00:56:15,018:INFO:setup() successfully completed in 0.54s...............
